<?xml version="1.0" encoding="UTF-8"?>
<!-- Generated by org.testng.reporters.JUnitReportReporter -->
<testsuite skipped="0" hostname="DESKTOP-OUT6V2T" name="testNgPrograms.annotations" tests="1" failures="0" timestamp="2024-01-17T11:20:29 IST" time="0.016" errors="0">
  <testcase name="test1" time="0.016" classname="testNgPrograms.annotations"/>
</testsuite> <!-- testNgPrograms.annotations -->
