<?xml version="1.0" encoding="UTF-8"?>
<!-- Generated by org.testng.reporters.JUnitReportReporter -->
<testsuite hostname="DESKTOP-OUT6V2T" failures="0" tests="1" name="project.SmsTest" time="0.023" errors="0" timestamp="2024-01-10T10:28:28 IST" skipped="0">
  <testcase classname="project.SmsTest" name="demo" time="0.023"/>
</testsuite> <!-- project.SmsTest -->
