<?xml version="1.0" encoding="UTF-8"?>
<!-- Generated by org.testng.reporters.JUnitReportReporter -->
<testsuite hostname="DESKTOP-OUT6V2T" failures="0" tests="1" name="testNgPrograms.IrctcTest" time="27.647" errors="0" timestamp="2024-01-23T23:41:25 IST" skipped="0">
  <testcase classname="testNgPrograms.IrctcTest" name="IRCTCTest" time="27.647">
    <system-out>
      <![CDATA[IRCTCTest   ---> Execution started
IRCTCTest   ---> Executed successfully]]>
    </system-out>
  </testcase> <!-- IRCTCTest -->
  <system-out>
    <![CDATA[--DB connceted successfully-- 
browser launched
application launched
IRCTCTest   ---> Execution started
IRCTCTest   ---> Executed successfully
logged out 
browser closed
DB closed]]>
  </system-out>
</testsuite> <!-- testNgPrograms.IrctcTest -->
