<?xml version="1.0" encoding="UTF-8"?>
<!-- Generated by org.testng.reporters.JUnitReportReporter -->
<testsuite hostname="DESKTOP-OUT6V2T" failures="0" tests="1" name="AssgnmentPrograms.Launchbrowsers4Test" time="5.726" errors="0" timestamp="2024-01-27T22:52:09 IST" skipped="0">
  <testcase classname="AssgnmentPrograms.Launchbrowsers4Test" name="launchBrowser" time="5.726"/>
  <system-out>
    <![CDATA[--DB connceted successfully-- 
browser launched
application launched
logged out 
browser closed
DB closed]]>
  </system-out>
</testsuite> <!-- AssgnmentPrograms.Launchbrowsers4Test -->
