<?xml version="1.0" encoding="UTF-8"?>
<!-- Generated by org.testng.reporters.JUnitReportReporter -->
<testsuite skipped="0" hostname="DESKTOP-OUT6V2T" name="testNgPrograms.TeacherTest" tests="1" failures="0" timestamp="2024-01-17T13:18:48 IST" time="15.124" errors="0">
  <testcase name="VerifyMySubjectTest" time="15.124" classname="testNgPrograms.TeacherTest"/>
</testsuite> <!-- testNgPrograms.TeacherTest -->
