<?xml version="1.0" encoding="UTF-8"?>
<!-- Generated by org.testng.reporters.JUnitReportReporter -->
<testsuite hostname="DESKTOP-OUT6V2T" failures="0" tests="2" name="AssgnmentPrograms.LoginValidation9Test" time="23.883" errors="0" timestamp="2024-01-26T22:58:21 IST" skipped="0">
  <testcase classname="AssgnmentPrograms.LoginValidation9Test" name="LoginWithValidDataTest" time="11.443"/>
  <testcase classname="AssgnmentPrograms.LoginValidation9Test" name="LoginWithInvalidDataTest" time="12.440"/>
</testsuite> <!-- AssgnmentPrograms.LoginValidation9Test -->
