<?xml version="1.0" encoding="UTF-8"?>
<!-- Generated by org.testng.reporters.JUnitReportReporter -->
<testsuite hostname="DESKTOP-OUT6V2T" failures="0" tests="1" name="interviewPrograms.HandleWindowTest" time="57.433" errors="0" timestamp="2024-01-26T18:12:21 IST" skipped="0">
  <testcase classname="interviewPrograms.HandleWindowTest" name="HandleWindowTest" time="57.433"/>
</testsuite> <!-- interviewPrograms.HandleWindowTest -->
