<?xml version="1.0" encoding="UTF-8"?>
<!-- Generated by org.testng.reporters.JUnitReportReporter -->
<testsuite hostname="DESKTOP-OUT6V2T" failures="0" tests="1" name="teacherModule.CreateTimeTableTest" time="7.313" errors="0" timestamp="2024-01-19T16:06:32 IST" skipped="0">
  <testcase classname="teacherModule.CreateTimeTableTest" name="createTimeTableTest" time="7.313">
    <system-out>
      <![CDATA[createTimeTableTest   ---> Execution started
createTimeTableTest   ---> Executed successfully]]>
    </system-out>
  </testcase> <!-- createTimeTableTest -->
  <system-out>
    <![CDATA[--DB connceted successfully-- 
browser launched
application launched
varifyTimeTableTest   ---> Execution started
varifyTimeTableTest ---> Failed
logged out 
browser closed
browser launched
application launched
createTimeTableTest   ---> Execution started
createTimeTableTest   ---> Executed successfully
logged out 
browser closed
DB closed]]>
  </system-out>
</testsuite> <!-- teacherModule.CreateTimeTableTest -->
