<?xml version="1.0" encoding="UTF-8"?>
<!-- Generated by org.testng.reporters.JUnitReportReporter -->
<testsuite hostname="DESKTOP-OUT6V2T" failures="0" tests="2" name="testNgPrograms.class4" time="0.076" errors="0" timestamp="2024-01-27T20:46:27 IST" skipped="0">
  <testcase classname="testNgPrograms.class4" name="testclass1" time="0.020"/>
  <testcase classname="testNgPrograms.class4" name="testclass2" time="0.056"/>
</testsuite> <!-- testNgPrograms.class4 -->
