<?xml version="1.0" encoding="UTF-8"?>
<!-- Generated by org.testng.reporters.JUnitReportReporter -->
<testsuite skipped="0" hostname="DESKTOP-OUT6V2T" name="scripts.adminloginTest" tests="1" failures="0" timestamp="2024-01-09T12:31:59 IST" time="0.850" errors="0">
  <testcase name="login" time="0.850" classname="scripts.adminloginTest"/>
</testsuite> <!-- scripts.adminloginTest -->
