<?xml version="1.0" encoding="UTF-8"?>
<!-- Generated by org.testng.reporters.JUnitReportReporter -->
<testsuite skipped="0" hostname="DESKTOP-OUT6V2T" name="testNgPrograms.DemoTest" tests="3" failures="0" timestamp="2024-01-16T16:44:52 IST" time="0.024" errors="0">
  <testcase name="productTest" time="0.001" classname="testNgPrograms.DemoTest"/>
  <testcase name="productTest" time="0.016" classname="testNgPrograms.DemoTest"/>
  <testcase name="productTest" time="0.007" classname="testNgPrograms.DemoTest"/>
</testsuite> <!-- testNgPrograms.DemoTest -->
