<?xml version="1.0" encoding="UTF-8"?>
<!-- Generated by org.testng.reporters.JUnitReportReporter -->
<testsuite hostname="DESKTOP-OUT6V2T" failures="0" tests="3" name="testNgPrograms.xyz" time="0.024" errors="0" timestamp="2024-01-23T13:28:29 IST" skipped="0">
  <testcase classname="testNgPrograms.xyz" name="test1" time="0.016"/>
  <testcase classname="testNgPrograms.xyz" name="test2" time="0.003"/>
  <testcase classname="testNgPrograms.xyz" name="test3" time="0.005"/>
</testsuite> <!-- testNgPrograms.xyz -->
