<?xml version="1.0" encoding="UTF-8"?>
<!-- Generated by org.testng.reporters.JUnitReportReporter -->
<testsuite hostname="DESKTOP-OUT6V2T" failures="0" tests="3" name="testNgPrograms.abc" time="0.022" errors="0" timestamp="2024-01-23T13:26:43 IST" skipped="0">
  <testcase classname="testNgPrograms.abc" name="test1" time="0.017"/>
  <testcase classname="testNgPrograms.abc" name="test2" time="0.003"/>
  <testcase classname="testNgPrograms.abc" name="test3" time="0.002"/>
</testsuite> <!-- testNgPrograms.abc -->
