<?xml version="1.0" encoding="UTF-8"?>
<!-- Generated by org.testng.reporters.JUnitReportReporter -->
<testsuite hostname="DESKTOP-OUT6V2T" failures="0" tests="1" name="parentModule.UpdateParentProfileTest" time="11.460" errors="0" timestamp="2024-01-18T11:11:04 IST" skipped="0">
  <testcase classname="parentModule.UpdateParentProfileTest" name="updateParentProfileTest" time="11.460"/>
  <system-out>
    <![CDATA[--DB connceted successfully-- 
browser launched
application launched
logged out 
browser closed
DB closed]]>
  </system-out>
</testsuite> <!-- parentModule.UpdateParentProfileTest -->
