<?xml version="1.0" encoding="UTF-8"?>
<!-- Generated by org.testng.reporters.JUnitReportReporter -->
<testsuite skipped="0" hostname="DESKTOP-OUT6V2T" name="testNgPrograms.getdataTest" tests="3" failures="0" timestamp="2024-01-17T09:57:41 IST" time="16.175" errors="0">
  <testcase name="datafromexcel" time="4.799" classname="testNgPrograms.getdataTest"/>
  <testcase name="datafromexcel" time="4.480" classname="testNgPrograms.getdataTest"/>
  <testcase name="datafromexcel" time="6.896" classname="testNgPrograms.getdataTest"/>
</testsuite> <!-- testNgPrograms.getdataTest -->
