<?xml version="1.0" encoding="UTF-8"?>
<!-- Generated by org.testng.reporters.JUnitReportReporter -->
<testsuite skipped="0" hostname="DESKTOP-OUT6V2T" name="testNgPrograms.AddClassRoomUsingDataProvider" tests="2" failures="0" timestamp="2024-01-17T15:16:32 IST" time="15.673" errors="0">
  <testcase name="datafromexcel" time="9.275" classname="testNgPrograms.AddClassRoomUsingDataProvider"/>
  <testcase name="datafromexcel" time="6.398" classname="testNgPrograms.AddClassRoomUsingDataProvider"/>
</testsuite> <!-- testNgPrograms.AddClassRoomUsingDataProvider -->
