<?xml version="1.0" encoding="UTF-8"?>
<!-- Generated by org.testng.reporters.JUnitReportReporter -->
<testsuite hostname="DESKTOP-OUT6V2T" failures="0" tests="2" name="testNgPrograms.LogInUsingDataProvider" time="11.367" errors="0" timestamp="2024-01-23T16:07:33 IST" skipped="0">
  <testcase classname="testNgPrograms.LogInUsingDataProvider" name="datafromexcel" time="6.276"/>
  <testcase classname="testNgPrograms.LogInUsingDataProvider" name="datafromexcel" time="5.091"/>
</testsuite> <!-- testNgPrograms.LogInUsingDataProvider -->
