<?xml version="1.0" encoding="UTF-8"?>
<!-- Generated by org.testng.reporters.JUnitReportReporter -->
<testsuite hostname="DESKTOP-OUT6V2T" failures="0" tests="1" name="AssgnmentPrograms.lanunch2browser" time="6.266" errors="0" timestamp="2024-01-26T20:29:07 IST" skipped="0">
  <testcase classname="AssgnmentPrograms.lanunch2browser" name="launchBrowser" time="6.266"/>
  <system-out>
    <![CDATA[--DB connceted successfully-- 
browser launched
application launched
logged out 
browser closed
DB closed]]>
  </system-out>
</testsuite> <!-- AssgnmentPrograms.lanunch2browser -->
