<?xml version="1.0" encoding="UTF-8"?>
<!-- Generated by org.testng.reporters.JUnitReportReporter -->
<testsuite hostname="DESKTOP-OUT6V2T" failures="0" tests="2" name="adminModule.AddNewTeacherTest" time="18.702" errors="0" timestamp="2024-01-18T17:36:57 IST" skipped="0">
  <testcase classname="adminModule.AddNewTeacherTest" name="addNewTeacherTest" time="8.507"/>
  <testcase classname="adminModule.AddNewTeacherTest" name="addNewTeacherTest" time="10.195"/>
  <system-out>
    <![CDATA[--DB connceted successfully-- 
browser launched
application launched
browser launched
application launched
logged out 
browser closed
logged out 
browser closed
DB closed]]>
  </system-out>
</testsuite> <!-- adminModule.AddNewTeacherTest -->
