<?xml version="1.0" encoding="UTF-8"?>
<!-- Generated by org.testng.reporters.JUnitReportReporter -->
<testsuite skipped="0" hostname="DESKTOP-OUT6V2T" name="practice.mavencommandTest" tests="3" failures="0" timestamp="2024-01-09T17:10:58 IST" time="0.018" errors="0">
  <testcase name="mavencomandTest1" time="0.006" classname="practice.mavencommandTest"/>
  <testcase name="mavencomandTest" time="0.010" classname="practice.mavencommandTest"/>
  <testcase name="mavencomandTest3" time="0.002" classname="practice.mavencommandTest"/>
</testsuite> <!-- practice.mavencommandTest -->
