<?xml version="1.0" encoding="UTF-8"?>
<!-- Generated by org.testng.reporters.JUnitReportReporter -->
<testsuite skipped="0" hostname="DESKTOP-OUT6V2T" name="practice.mvnDemo" tests="3" failures="0" timestamp="2024-01-09T17:08:29 IST" time="0.012" errors="0">
  <testcase name="maven2" time="0.001" classname="practice.mvnDemo"/>
  <testcase name="maven1" time="0.010" classname="practice.mvnDemo"/>
  <testcase name="mavenTest" time="0.001" classname="practice.mvnDemo"/>
</testsuite> <!-- practice.mvnDemo -->
